<?xml version="1.0" encoding="UTF-8"?>
<coverage generated="1767026388395" clover="3.2.0">
  <project timestamp="1767026388395" name="All files">
    <metrics statements="242" coveredstatements="228" conditionals="117" coveredconditionals="107" methods="65" coveredmethods="63" elements="424" coveredelements="398" complexity="0" loc="242" ncloc="242" packages="1" files="3" classes="3"/>
    <file name="detectionEngine.ts" path="/Users/jason/All Projects/personal-bio-website/project/src/features/siem/lib/detectionEngine.ts">
      <metrics statements="88" coveredstatements="83" conditionals="27" coveredconditionals="24" methods="28" coveredmethods="28"/>
      <line num="2" count="1" type="stmt"/>
      <line num="7" count="43" type="stmt"/>
      <line num="12" count="43" type="stmt"/>
      <line num="13" count="150" type="stmt"/>
      <line num="20" count="18" type="stmt"/>
      <line num="22" count="18" type="stmt"/>
      <line num="23" count="46" type="stmt"/>
      <line num="24" count="46" type="cond" truecount="3" falsecount="0"/>
      <line num="25" count="36" type="stmt"/>
      <line num="30" count="18" type="stmt"/>
      <line num="31" count="48" type="stmt"/>
      <line num="32" count="48" type="stmt"/>
      <line num="40" count="56" type="stmt"/>
      <line num="41" count="56" type="stmt"/>
      <line num="43" count="56" type="cond" truecount="2" falsecount="0"/>
      <line num="45" count="21" type="stmt"/>
      <line num="48" count="35" type="stmt"/>
      <line num="49" count="35" type="stmt"/>
      <line num="52" count="56" type="cond" truecount="1" falsecount="0"/>
      <line num="53" count="12" type="stmt"/>
      <line num="56" count="44" type="stmt"/>
      <line num="67" count="0" type="stmt"/>
      <line num="68" count="0" type="stmt"/>
      <line num="77" count="21" type="cond" truecount="0" falsecount="1"/>
      <line num="79" count="21" type="stmt"/>
      <line num="82" count="21" type="stmt"/>
      <line num="83" count="21" type="stmt"/>
      <line num="85" count="21" type="cond" truecount="1" falsecount="0"/>
      <line num="88" count="18" type="stmt"/>
      <line num="89" count="1066" type="stmt"/>
      <line num="93" count="18" type="cond" truecount="4" falsecount="0"/>
      <line num="94" count="15" type="stmt"/>
      <line num="97" count="3" type="stmt"/>
      <line num="110" count="15" type="stmt"/>
      <line num="113" count="15" type="stmt"/>
      <line num="114" count="1070" type="stmt"/>
      <line num="115" count="1070" type="cond" truecount="1" falsecount="0"/>
      <line num="116" count="15" type="stmt"/>
      <line num="118" count="1070" type="stmt"/>
      <line num="121" count="15" type="stmt"/>
      <line num="124" count="15" type="stmt"/>
      <line num="125" count="15" type="stmt"/>
      <line num="126" count="15" type="stmt"/>
      <line num="129" count="15" type="stmt"/>
      <line num="140" count="3" type="stmt"/>
      <line num="151" count="18" type="stmt"/>
      <line num="152" count="18" type="stmt"/>
      <line num="154" count="18" type="stmt"/>
      <line num="155" count="1084" type="stmt"/>
      <line num="156" count="1084" type="stmt"/>
      <line num="158" count="1084" type="stmt"/>
      <line num="160" count="1084" type="stmt"/>
      <line num="161" count="31722" type="stmt"/>
      <line num="163" count="31722" type="cond" truecount="2" falsecount="0"/>
      <line num="164" count="30747" type="stmt"/>
      <line num="166" count="975" type="stmt"/>
      <line num="171" count="1084" type="cond" truecount="1" falsecount="0"/>
      <line num="173" count="1011" type="stmt"/>
      <line num="174" count="15457643" type="cond" truecount="1" falsecount="0"/>
      <line num="175" count="1078" type="stmt"/>
      <line num="181" count="18" type="stmt"/>
      <line num="188" count="1070" type="stmt"/>
      <line num="189" count="1075" type="stmt"/>
      <line num="190" count="1075" type="cond" truecount="1" falsecount="1"/>
      <line num="192" count="1070" type="stmt"/>
      <line num="199" count="1075" type="stmt"/>
      <line num="200" count="1075" type="stmt"/>
      <line num="202" count="1075" type="stmt"/>
      <line num="203" count="2150" type="cond" truecount="3" falsecount="1"/>
      <line num="204" count="2150" type="stmt"/>
      <line num="206" count="0" type="stmt"/>
      <line num="210" count="1075" type="stmt"/>
      <line num="217" count="3" type="stmt"/>
      <line num="218" count="3" type="stmt"/>
      <line num="219" count="3" type="stmt"/>
      <line num="221" count="0" type="stmt"/>
      <line num="222" count="0" type="stmt"/>
      <line num="230" count="5" type="stmt"/>
      <line num="233" count="12" type="stmt"/>
      <line num="234" count="12" type="stmt"/>
      <line num="235" count="12" type="stmt"/>
      <line num="236" count="12" type="stmt"/>
      <line num="238" count="12" type="stmt"/>
      <line num="244" count="5" type="stmt"/>
      <line num="246" count="5" type="stmt"/>
      <line num="247" count="12" type="stmt"/>
      <line num="248" count="12" type="cond" truecount="2" falsecount="0"/>
      <line num="252" count="5" type="stmt"/>
    </file>
    <file name="queryEngine.ts" path="/Users/jason/All Projects/personal-bio-website/project/src/features/siem/lib/queryEngine.ts">
      <metrics statements="73" coveredstatements="73" conditionals="46" coveredconditionals="44" methods="22" coveredmethods="22"/>
      <line num="2" count="1" type="stmt"/>
      <line num="7" count="41" type="stmt"/>
      <line num="12" count="41" type="stmt"/>
      <line num="13" count="41" type="stmt"/>
      <line num="14" count="41" type="stmt"/>
      <line num="22" count="41" type="stmt"/>
      <line num="24" count="41" type="stmt"/>
      <line num="25" count="123" type="stmt"/>
      <line num="27" count="123" type="stmt"/>
      <line num="28" count="3585" type="stmt"/>
      <line num="29" count="3585" type="cond" truecount="1" falsecount="0"/>
      <line num="30" count="3585" type="cond" truecount="1" falsecount="0"/>
      <line num="31" count="359" type="stmt"/>
      <line num="33" count="3585" type="stmt"/>
      <line num="37" count="123" type="stmt"/>
      <line num="45" count="10" type="cond" truecount="3" falsecount="0"/>
      <line num="46" count="1" type="stmt"/>
      <line num="49" count="9" type="stmt"/>
      <line num="50" count="9" type="stmt"/>
      <line num="57" count="8" type="stmt"/>
      <line num="60" count="8" type="cond" truecount="1" falsecount="0"/>
      <line num="61" count="2" type="stmt"/>
      <line num="65" count="8" type="cond" truecount="1" falsecount="0"/>
      <line num="66" count="3" type="stmt"/>
      <line num="67" count="3" type="stmt"/>
      <line num="68" count="13" type="stmt"/>
      <line num="69" count="13" type="stmt"/>
      <line num="74" count="8" type="cond" truecount="3" falsecount="0"/>
      <line num="75" count="8" type="stmt"/>
      <line num="79" count="8" type="cond" truecount="3" falsecount="0"/>
      <line num="80" count="8" type="stmt"/>
      <line num="84" count="8" type="cond" truecount="3" falsecount="0"/>
      <line num="85" count="5" type="stmt"/>
      <line num="89" count="8" type="cond" truecount="1" falsecount="0"/>
      <line num="90" count="1" type="stmt"/>
      <line num="91" count="1" type="stmt"/>
      <line num="92" count="5" type="stmt"/>
      <line num="93" count="5" type="cond" truecount="2" falsecount="0"/>
      <line num="97" count="8" type="stmt"/>
      <line num="104" count="6" type="stmt"/>
      <line num="105" count="6" type="cond" truecount="1" falsecount="0"/>
      <line num="106" count="5" type="cond" truecount="2" falsecount="0"/>
      <line num="110" count="5" type="stmt"/>
      <line num="117" count="5" type="stmt"/>
      <line num="119" count="5" type="stmt"/>
      <line num="120" count="25" type="stmt"/>
      <line num="121" count="25" type="cond" truecount="3" falsecount="0"/>
      <line num="122" count="20" type="stmt"/>
      <line num="126" count="5" type="stmt"/>
      <line num="133" count="3615" type="stmt"/>
      <line num="134" count="3615" type="stmt"/>
      <line num="136" count="3615" type="stmt"/>
      <line num="137" count="4825" type="cond" truecount="4" falsecount="0"/>
      <line num="138" count="4820" type="stmt"/>
      <line num="140" count="5" type="stmt"/>
      <line num="144" count="3610" type="stmt"/>
      <line num="151" count="6" type="stmt"/>
      <line num="163" count="6" type="stmt"/>
      <line num="164" count="25" type="cond" truecount="2" falsecount="0"/>
      <line num="165" count="25" type="cond" truecount="2" falsecount="0"/>
      <line num="166" count="25" type="cond" truecount="2" falsecount="0"/>
      <line num="170" count="6" type="cond" truecount="1" falsecount="0"/>
      <line num="171" count="25" type="stmt"/>
      <line num="172" count="5" type="stmt"/>
      <line num="173" count="5" type="stmt"/>
      <line num="176" count="6" type="stmt"/>
      <line num="183" count="5" type="stmt"/>
      <line num="184" count="26" type="stmt"/>
      <line num="185" count="26" type="stmt"/>
      <line num="188" count="26" type="cond" truecount="3" falsecount="0"/>
      <line num="190" count="25" type="cond" truecount="2" falsecount="1"/>
      <line num="191" count="19" type="cond" truecount="3" falsecount="0"/>
      <line num="192" count="2" type="stmt"/>
    </file>
    <file name="queryParser.ts" path="/Users/jason/All Projects/personal-bio-website/project/src/features/siem/lib/queryParser.ts">
      <metrics statements="81" coveredstatements="72" conditionals="44" coveredconditionals="39" methods="15" coveredmethods="13"/>
      <line num="9" count="28" type="stmt"/>
      <line num="10" count="103" type="stmt"/>
      <line num="11" count="103" type="stmt"/>
      <line num="14" count="103" type="cond" truecount="3" falsecount="0"/>
      <line num="17" count="100" type="stmt"/>
      <line num="18" count="100" type="stmt"/>
      <line num="20" count="100" type="stmt"/>
      <line num="21" count="100" type="stmt"/>
      <line num="23" count="0" type="stmt"/>
      <line num="24" count="0" type="stmt"/>
      <line num="30" count="100" type="stmt"/>
      <line num="31" count="100" type="stmt"/>
      <line num="32" count="100" type="stmt"/>
      <line num="34" count="100" type="stmt"/>
      <line num="35" count="4926" type="stmt"/>
      <line num="37" count="4926" type="cond" truecount="2" falsecount="0"/>
      <line num="38" count="326" type="stmt"/>
      <line num="39" count="326" type="stmt"/>
      <line num="40" count="4600" type="cond" truecount="4" falsecount="0"/>
      <line num="41" count="469" type="cond" truecount="1" falsecount="0"/>
      <line num="42" count="469" type="stmt"/>
      <line num="43" count="469" type="stmt"/>
      <line num="46" count="4131" type="stmt"/>
      <line num="50" count="100" type="cond" truecount="1" falsecount="0"/>
      <line num="51" count="100" type="stmt"/>
      <line num="55" count="100" type="stmt"/>
      <line num="57" count="100" type="stmt"/>
      <line num="58" count="68" type="stmt"/>
      <line num="60" count="68" type="cond" truecount="4" falsecount="0"/>
      <line num="61" count="66" type="stmt"/>
      <line num="62" count="66" type="stmt"/>
      <line num="63" count="66" type="stmt"/>
      <line num="70" count="2" type="stmt"/>
      <line num="74" count="100" type="stmt"/>
      <line num="78" count="166" type="stmt"/>
      <line num="79" count="166" type="stmt"/>
      <line num="80" count="166" type="stmt"/>
      <line num="83" count="166" type="cond" truecount="4" falsecount="0"/>
      <line num="84" count="163" type="stmt"/>
      <line num="87" count="166" type="stmt"/>
      <line num="99" count="14" type="stmt"/>
      <line num="101" count="213" type="cond" truecount="1" falsecount="0"/>
      <line num="102" count="4" type="stmt"/>
      <line num="105" count="211" type="cond" truecount="2" falsecount="0"/>
      <line num="106" count="149" type="stmt"/>
      <line num="107" count="62" type="cond" truecount="1" falsecount="0"/>
      <line num="108" count="62" type="stmt"/>
      <line num="111" count="0" type="stmt"/>
      <line num="115" count="149" type="stmt"/>
      <line num="116" count="42899" type="stmt"/>
      <line num="117" count="42899" type="stmt"/>
      <line num="119" count="42899" type="cond" truecount="5" falsecount="5"/>
      <line num="121" count="42865" type="stmt"/>
      <line num="123" count="1" type="stmt"/>
      <line num="125" count="0" type="stmt"/>
      <line num="127" count="0" type="stmt"/>
      <line num="129" count="0" type="stmt"/>
      <line num="131" count="0" type="stmt"/>
      <line num="133" count="24" type="stmt"/>
      <line num="135" count="1" type="stmt"/>
      <line num="137" count="0" type="stmt"/>
      <line num="139" count="8" type="stmt"/>
      <line num="145" count="62" type="stmt"/>
      <line num="146" count="62" type="stmt"/>
      <line num="148" count="62" type="cond" truecount="2" falsecount="0"/>
      <line num="149" count="31295" type="cond" truecount="2" falsecount="0"/>
      <line num="150" count="5" type="cond" truecount="1" falsecount="0"/>
      <line num="151" count="13" type="cond" truecount="2" falsecount="0"/>
      <line num="154" count="0" type="stmt"/>
      <line num="159" count="42899" type="stmt"/>
      <line num="160" count="42899" type="stmt"/>
      <line num="162" count="42899" type="stmt"/>
      <line num="163" count="53076" type="cond" truecount="4" falsecount="0"/>
      <line num="164" count="53075" type="stmt"/>
      <line num="166" count="1" type="stmt"/>
      <line num="170" count="42898" type="stmt"/>
      <line num="175" count="75" type="stmt"/>
      <line num="176" count="75" type="stmt"/>
      <line num="177" count="75" type="stmt"/>
      <line num="179" count="75" type="stmt"/>
      <line num="180" count="75" type="stmt"/>
    </file>
  </project>
</coverage>
