{"/Users/jason/All Projects/personal-bio-website/project/src/features/siem/lib/detectionEngine.ts": {"path":"/Users/jason/All Projects/personal-bio-website/project/src/features/siem/lib/detectionEngine.ts","statementMap":{"0":{"start":{"line":7,"column":13},"end":{"line":7,"column":null}},"1":{"start":{"line":2,"column":37},"end":{"line":2,"column":null}},"2":{"start":{"line":12,"column":4},"end":{"line":12,"column":null}},"3":{"start":{"line":13,"column":4},"end":{"line":13,"column":null}},"4":{"start":{"line":13,"column":37},"end":{"line":13,"column":46}},"5":{"start":{"line":20,"column":39},"end":{"line":20,"column":41}},"6":{"start":{"line":22,"column":4},"end":{"line":27,"column":null}},"7":{"start":{"line":23,"column":21},"end":{"line":23,"column":null}},"8":{"start":{"line":24,"column":6},"end":{"line":26,"column":null}},"9":{"start":{"line":25,"column":8},"end":{"line":25,"column":null}},"10":{"start":{"line":30,"column":4},"end":{"line":33,"column":null}},"11":{"start":{"line":31,"column":28},"end":{"line":31,"column":null}},"12":{"start":{"line":32,"column":6},"end":{"line":32,"column":null}},"13":{"start":{"line":40,"column":4},"end":{"line":69,"column":null}},"14":{"start":{"line":41,"column":43},"end":{"line":41,"column":45}},"15":{"start":{"line":43,"column":6},"end":{"line":50,"column":null}},"16":{"start":{"line":45,"column":8},"end":{"line":45,"column":null}},"17":{"start":{"line":48,"column":26},"end":{"line":48,"column":null}},"18":{"start":{"line":49,"column":8},"end":{"line":49,"column":null}},"19":{"start":{"line":52,"column":6},"end":{"line":54,"column":null}},"20":{"start":{"line":53,"column":8},"end":{"line":53,"column":null}},"21":{"start":{"line":56,"column":6},"end":{"line":65,"column":null}},"22":{"start":{"line":67,"column":6},"end":{"line":67,"column":null}},"23":{"start":{"line":68,"column":6},"end":{"line":68,"column":null}},"24":{"start":{"line":77,"column":4},"end":{"line":77,"column":null}},"25":{"start":{"line":77,"column":26},"end":{"line":77,"column":null}},"26":{"start":{"line":79,"column":45},"end":{"line":79,"column":60}},"27":{"start":{"line":82,"column":22},"end":{"line":82,"column":null}},"28":{"start":{"line":83,"column":28},"end":{"line":83,"column":null}},"29":{"start":{"line":85,"column":4},"end":{"line":85,"column":null}},"30":{"start":{"line":85,"column":38},"end":{"line":85,"column":null}},"31":{"start":{"line":88,"column":25},"end":{"line":89,"column":null}},"32":{"start":{"line":89,"column":16},"end":{"line":89,"column":null}},"33":{"start":{"line":93,"column":4},"end":{"line":98,"column":null}},"34":{"start":{"line":94,"column":6},"end":{"line":94,"column":null}},"35":{"start":{"line":97,"column":6},"end":{"line":97,"column":null}},"36":{"start":{"line":110,"column":19},"end":{"line":110,"column":null}},"37":{"start":{"line":113,"column":4},"end":{"line":119,"column":null}},"38":{"start":{"line":114,"column":18},"end":{"line":114,"column":null}},"39":{"start":{"line":115,"column":6},"end":{"line":117,"column":null}},"40":{"start":{"line":116,"column":8},"end":{"line":116,"column":null}},"41":{"start":{"line":118,"column":6},"end":{"line":118,"column":null}},"42":{"start":{"line":121,"column":43},"end":{"line":121,"column":45}},"43":{"start":{"line":124,"column":4},"end":{"line":127,"column":null}},"44":{"start":{"line":125,"column":25},"end":{"line":125,"column":null}},"45":{"start":{"line":126,"column":6},"end":{"line":126,"column":null}},"46":{"start":{"line":129,"column":4},"end":{"line":129,"column":null}},"47":{"start":{"line":140,"column":4},"end":{"line":140,"column":null}},"48":{"start":{"line":151,"column":43},"end":{"line":151,"column":45}},"49":{"start":{"line":152,"column":23},"end":{"line":152,"column":40}},"50":{"start":{"line":154,"column":4},"end":{"line":179,"column":null}},"51":{"start":{"line":154,"column":17},"end":{"line":154,"column":20}},"52":{"start":{"line":155,"column":26},"end":{"line":155,"column":null}},"53":{"start":{"line":156,"column":24},"end":{"line":156,"column":null}},"54":{"start":{"line":158,"column":46},"end":{"line":158,"column":48}},"55":{"start":{"line":160,"column":6},"end":{"line":168,"column":null}},"56":{"start":{"line":160,"column":19},"end":{"line":160,"column":22}},"57":{"start":{"line":161,"column":26},"end":{"line":161,"column":null}},"58":{"start":{"line":163,"column":8},"end":{"line":167,"column":null}},"59":{"start":{"line":164,"column":10},"end":{"line":164,"column":null}},"60":{"start":{"line":166,"column":10},"end":{"line":166,"column":17}},"61":{"start":{"line":171,"column":6},"end":{"line":178,"column":null}},"62":{"start":{"line":173,"column":8},"end":{"line":177,"column":null}},"63":{"start":{"line":174,"column":10},"end":{"line":176,"column":null}},"64":{"start":{"line":174,"column":41},"end":{"line":174,"column":58}},"65":{"start":{"line":175,"column":12},"end":{"line":175,"column":null}},"66":{"start":{"line":181,"column":4},"end":{"line":181,"column":null}},"67":{"start":{"line":188,"column":19},"end":{"line":191,"column":null}},"68":{"start":{"line":189,"column":20},"end":{"line":189,"column":null}},"69":{"start":{"line":190,"column":6},"end":{"line":190,"column":null}},"70":{"start":{"line":192,"column":4},"end":{"line":192,"column":null}},"71":{"start":{"line":199,"column":18},"end":{"line":199,"column":null}},"72":{"start":{"line":200,"column":21},"end":{"line":200,"column":null}},"73":{"start":{"line":202,"column":4},"end":{"line":208,"column":null}},"74":{"start":{"line":203,"column":6},"end":{"line":207,"column":null}},"75":{"start":{"line":204,"column":8},"end":{"line":204,"column":null}},"76":{"start":{"line":206,"column":8},"end":{"line":206,"column":null}},"77":{"start":{"line":210,"column":4},"end":{"line":210,"column":null}},"78":{"start":{"line":217,"column":4},"end":{"line":223,"column":null}},"79":{"start":{"line":218,"column":24},"end":{"line":218,"column":null}},"80":{"start":{"line":219,"column":6},"end":{"line":219,"column":null}},"81":{"start":{"line":221,"column":6},"end":{"line":221,"column":null}},"82":{"start":{"line":222,"column":6},"end":{"line":222,"column":null}},"83":{"start":{"line":230,"column":4},"end":{"line":240,"column":null}},"84":{"start":{"line":233,"column":40},"end":{"line":233,"column":67}},"85":{"start":{"line":234,"column":36},"end":{"line":234,"column":59}},"86":{"start":{"line":235,"column":38},"end":{"line":235,"column":63}},"87":{"start":{"line":236,"column":35},"end":{"line":236,"column":57}},"88":{"start":{"line":238,"column":53},"end":{"line":238,"column":81}},"89":{"start":{"line":244,"column":43},"end":{"line":244,"column":null}},"90":{"start":{"line":246,"column":4},"end":{"line":250,"column":null}},"91":{"start":{"line":247,"column":6},"end":{"line":249,"column":null}},"92":{"start":{"line":248,"column":8},"end":{"line":248,"column":null}},"93":{"start":{"line":252,"column":4},"end":{"line":252,"column":null}}},"fnMap":{"0":{"name":"(anonymous_1)","decl":{"start":{"line":11,"column":2},"end":{"line":11,"column":14}},"loc":{"start":{"line":11,"column":63},"end":{"line":14,"column":null}}},"1":{"name":"(anonymous_2)","decl":{"start":{"line":13,"column":30},"end":{"line":13,"column":31}},"loc":{"start":{"line":13,"column":37},"end":{"line":13,"column":46}}},"2":{"name":"(anonymous_3)","decl":{"start":{"line":19,"column":2},"end":{"line":19,"column":37}},"loc":{"start":{"line":19,"column":37},"end":{"line":34,"column":null}}},"3":{"name":"(anonymous_4)","decl":{"start":{"line":22,"column":23},"end":{"line":22,"column":24}},"loc":{"start":{"line":22,"column":24},"end":{"line":27,"column":null}}},"4":{"name":"(anonymous_5)","decl":{"start":{"line":30,"column":24},"end":{"line":30,"column":25}},"loc":{"start":{"line":30,"column":28},"end":{"line":33,"column":null}}},"5":{"name":"(anonymous_6)","decl":{"start":{"line":39,"column":2},"end":{"line":39,"column":10}},"loc":{"start":{"line":39,"column":55},"end":{"line":70,"column":null}}},"6":{"name":"(anonymous_7)","decl":{"start":{"line":76,"column":2},"end":{"line":76,"column":32}},"loc":{"start":{"line":76,"column":71},"end":{"line":99,"column":null}}},"7":{"name":"(anonymous_8)","decl":{"start":{"line":89,"column":6},"end":{"line":89,"column":7}},"loc":{"start":{"line":89,"column":16},"end":{"line":89,"column":null}}},"8":{"name":"(anonymous_9)","decl":{"start":{"line":104,"column":2},"end":{"line":105,"column":3}},"loc":{"start":{"line":109,"column":21},"end":{"line":130,"column":null}}},"9":{"name":"(anonymous_10)","decl":{"start":{"line":113,"column":19},"end":{"line":113,"column":20}},"loc":{"start":{"line":113,"column":20},"end":{"line":119,"column":null}}},"10":{"name":"(anonymous_11)","decl":{"start":{"line":124,"column":19},"end":{"line":124,"column":20}},"loc":{"start":{"line":124,"column":20},"end":{"line":127,"column":null}}},"11":{"name":"(anonymous_12)","decl":{"start":{"line":135,"column":2},"end":{"line":136,"column":3}},"loc":{"start":{"line":139,"column":21},"end":{"line":141,"column":null}}},"12":{"name":"(anonymous_13)","decl":{"start":{"line":146,"column":2},"end":{"line":147,"column":3}},"loc":{"start":{"line":150,"column":21},"end":{"line":182,"column":null}}},"13":{"name":"(anonymous_14)","decl":{"start":{"line":173,"column":31},"end":{"line":173,"column":32}},"loc":{"start":{"line":173,"column":32},"end":{"line":177,"column":null}}},"14":{"name":"(anonymous_15)","decl":{"start":{"line":174,"column":34},"end":{"line":174,"column":35}},"loc":{"start":{"line":174,"column":41},"end":{"line":174,"column":58}}},"15":{"name":"(anonymous_16)","decl":{"start":{"line":187,"column":2},"end":{"line":187,"column":21}},"loc":{"start":{"line":187,"column":70},"end":{"line":193,"column":null}}},"16":{"name":"(anonymous_17)","decl":{"start":{"line":188,"column":30},"end":{"line":188,"column":31}},"loc":{"start":{"line":188,"column":31},"end":{"line":191,"column":null}}},"17":{"name":"(anonymous_18)","decl":{"start":{"line":198,"column":2},"end":{"line":198,"column":23}},"loc":{"start":{"line":198,"column":66},"end":{"line":211,"column":null}}},"18":{"name":"(anonymous_19)","decl":{"start":{"line":216,"column":2},"end":{"line":216,"column":23}},"loc":{"start":{"line":216,"column":75},"end":{"line":224,"column":null}}},"19":{"name":"(anonymous_20)","decl":{"start":{"line":229,"column":2},"end":{"line":229,"column":20}},"loc":{"start":{"line":229,"column":48},"end":{"line":241,"column":null}}},"20":{"name":"(anonymous_21)","decl":{"start":{"line":233,"column":33},"end":{"line":233,"column":34}},"loc":{"start":{"line":233,"column":40},"end":{"line":233,"column":67}}},"21":{"name":"(anonymous_22)","decl":{"start":{"line":234,"column":29},"end":{"line":234,"column":30}},"loc":{"start":{"line":234,"column":36},"end":{"line":234,"column":59}}},"22":{"name":"(anonymous_23)","decl":{"start":{"line":235,"column":31},"end":{"line":235,"column":32}},"loc":{"start":{"line":235,"column":38},"end":{"line":235,"column":63}}},"23":{"name":"(anonymous_24)","decl":{"start":{"line":236,"column":28},"end":{"line":236,"column":29}},"loc":{"start":{"line":236,"column":35},"end":{"line":236,"column":57}}},"24":{"name":"(anonymous_25)","decl":{"start":{"line":238,"column":41},"end":{"line":238,"column":42}},"loc":{"start":{"line":238,"column":53},"end":{"line":238,"column":81}}},"25":{"name":"(anonymous_26)","decl":{"start":{"line":243,"column":10},"end":{"line":243,"column":24}},"loc":{"start":{"line":243,"column":76},"end":{"line":253,"column":null}}},"26":{"name":"(anonymous_27)","decl":{"start":{"line":246,"column":20},"end":{"line":246,"column":21}},"loc":{"start":{"line":246,"column":21},"end":{"line":250,"column":null}}},"27":{"name":"(anonymous_28)","decl":{"start":{"line":247,"column":35},"end":{"line":247,"column":36}},"loc":{"start":{"line":247,"column":36},"end":{"line":249,"column":null}}}},"branchMap":{"0":{"loc":{"start":{"line":24,"column":6},"end":{"line":26,"column":null}},"type":"if","locations":[{"start":{"line":24,"column":6},"end":{"line":26,"column":null}}]},"1":{"loc":{"start":{"line":24,"column":10},"end":{"line":24,"column":53}},"type":"binary-expr","locations":[{"start":{"line":24,"column":10},"end":{"line":24,"column":20}},{"start":{"line":24,"column":20},"end":{"line":24,"column":53}}]},"2":{"loc":{"start":{"line":43,"column":6},"end":{"line":50,"column":null}},"type":"if","locations":[{"start":{"line":43,"column":6},"end":{"line":50,"column":null}},{"start":{"line":46,"column":13},"end":{"line":50,"column":null}}]},"3":{"loc":{"start":{"line":52,"column":6},"end":{"line":54,"column":null}},"type":"if","locations":[{"start":{"line":52,"column":6},"end":{"line":54,"column":null}}]},"4":{"loc":{"start":{"line":63,"column":21},"end":{"line":63,"column":72}},"type":"binary-expr","locations":[{"start":{"line":63,"column":21},"end":{"line":63,"column":56}},{"start":{"line":63,"column":56},"end":{"line":63,"column":72}}]},"5":{"loc":{"start":{"line":77,"column":4},"end":{"line":77,"column":null}},"type":"if","locations":[{"start":{"line":77,"column":4},"end":{"line":77,"column":null}}]},"6":{"loc":{"start":{"line":85,"column":4},"end":{"line":85,"column":null}},"type":"if","locations":[{"start":{"line":85,"column":4},"end":{"line":85,"column":null}}]},"7":{"loc":{"start":{"line":93,"column":4},"end":{"line":98,"column":null}},"type":"if","locations":[{"start":{"line":93,"column":4},"end":{"line":98,"column":null}},{"start":{"line":95,"column":11},"end":{"line":98,"column":null}}]},"8":{"loc":{"start":{"line":93,"column":8},"end":{"line":93,"column":39}},"type":"binary-expr","locations":[{"start":{"line":93,"column":8},"end":{"line":93,"column":19}},{"start":{"line":93,"column":19},"end":{"line":93,"column":39}}]},"9":{"loc":{"start":{"line":115,"column":6},"end":{"line":117,"column":null}},"type":"if","locations":[{"start":{"line":115,"column":6},"end":{"line":117,"column":null}}]},"10":{"loc":{"start":{"line":163,"column":8},"end":{"line":167,"column":null}},"type":"if","locations":[{"start":{"line":163,"column":8},"end":{"line":167,"column":null}},{"start":{"line":165,"column":15},"end":{"line":167,"column":null}}]},"11":{"loc":{"start":{"line":171,"column":6},"end":{"line":178,"column":null}},"type":"if","locations":[{"start":{"line":171,"column":6},"end":{"line":178,"column":null}}]},"12":{"loc":{"start":{"line":174,"column":10},"end":{"line":176,"column":null}},"type":"if","locations":[{"start":{"line":174,"column":10},"end":{"line":176,"column":null}}]},"13":{"loc":{"start":{"line":190,"column":13},"end":{"line":190,"column":null}},"type":"cond-expr","locations":[{"start":{"line":190,"column":35},"end":{"line":190,"column":51}},{"start":{"line":190,"column":51},"end":{"line":190,"column":null}}]},"14":{"loc":{"start":{"line":203,"column":6},"end":{"line":207,"column":null}},"type":"if","locations":[{"start":{"line":203,"column":6},"end":{"line":207,"column":null}},{"start":{"line":205,"column":13},"end":{"line":207,"column":null}}]},"15":{"loc":{"start":{"line":203,"column":10},"end":{"line":203,"column":46}},"type":"binary-expr","locations":[{"start":{"line":203,"column":10},"end":{"line":203,"column":19}},{"start":{"line":203,"column":19},"end":{"line":203,"column":46}}]},"16":{"loc":{"start":{"line":248,"column":26},"end":{"line":248,"column":49}},"type":"binary-expr","locations":[{"start":{"line":248,"column":26},"end":{"line":248,"column":40}},{"start":{"line":248,"column":44},"end":{"line":248,"column":49}}]}},"s":{"0":43,"1":1,"2":43,"3":43,"4":150,"5":18,"6":18,"7":46,"8":46,"9":36,"10":18,"11":48,"12":48,"13":56,"14":56,"15":56,"16":21,"17":35,"18":35,"19":56,"20":12,"21":44,"22":0,"23":0,"24":21,"25":0,"26":21,"27":21,"28":21,"29":21,"30":3,"31":18,"32":1066,"33":18,"34":15,"35":3,"36":15,"37":15,"38":1070,"39":1070,"40":15,"41":1070,"42":15,"43":15,"44":15,"45":15,"46":15,"47":3,"48":18,"49":18,"50":18,"51":18,"52":1084,"53":1084,"54":1084,"55":1084,"56":1084,"57":31722,"58":31722,"59":30747,"60":975,"61":1084,"62":1011,"63":30551,"64":15457643,"65":1078,"66":18,"67":1070,"68":1075,"69":1075,"70":1070,"71":1075,"72":1075,"73":1075,"74":2150,"75":2150,"76":0,"77":1075,"78":3,"79":3,"80":3,"81":0,"82":0,"83":5,"84":12,"85":12,"86":12,"87":12,"88":12,"89":5,"90":5,"91":12,"92":12,"93":5},"f":{"0":43,"1":150,"2":18,"3":46,"4":48,"5":56,"6":21,"7":1066,"8":15,"9":1070,"10":15,"11":3,"12":18,"13":30551,"14":15457643,"15":1070,"16":1075,"17":1075,"18":3,"19":5,"20":12,"21":12,"22":12,"23":12,"24":12,"25":5,"26":12,"27":12},"b":{"0":[36],"1":[46,36],"2":[21,35],"3":[12],"4":[44,31],"5":[0],"6":[3],"7":[15,3],"8":[18,15],"9":[15],"10":[30747,975],"11":[1011],"12":[1078],"13":[1075,0],"14":[2150,0],"15":[2150,2150],"16":[12,8]}}
,"/Users/jason/All Projects/personal-bio-website/project/src/features/siem/lib/queryEngine.ts": {"path":"/Users/jason/All Projects/personal-bio-website/project/src/features/siem/lib/queryEngine.ts","statementMap":{"0":{"start":{"line":7,"column":13},"end":{"line":7,"column":null}},"1":{"start":{"line":2,"column":37},"end":{"line":2,"column":null}},"2":{"start":{"line":12,"column":4},"end":{"line":12,"column":null}},"3":{"start":{"line":13,"column":4},"end":{"line":13,"column":null}},"4":{"start":{"line":14,"column":4},"end":{"line":14,"column":null}},"5":{"start":{"line":22,"column":24},"end":{"line":22,"column":null}},"6":{"start":{"line":24,"column":4},"end":{"line":38,"column":null}},"7":{"start":{"line":25,"column":20},"end":{"line":25,"column":null}},"8":{"start":{"line":27,"column":6},"end":{"line":35,"column":null}},"9":{"start":{"line":28,"column":22},"end":{"line":28,"column":null}},"10":{"start":{"line":29,"column":8},"end":{"line":34,"column":null}},"11":{"start":{"line":30,"column":10},"end":{"line":32,"column":null}},"12":{"start":{"line":31,"column":12},"end":{"line":31,"column":null}},"13":{"start":{"line":33,"column":10},"end":{"line":33,"column":null}},"14":{"start":{"line":37,"column":6},"end":{"line":37,"column":null}},"15":{"start":{"line":45,"column":4},"end":{"line":47,"column":null}},"16":{"start":{"line":46,"column":6},"end":{"line":46,"column":null}},"17":{"start":{"line":49,"column":22},"end":{"line":49,"column":null}},"18":{"start":{"line":50,"column":4},"end":{"line":50,"column":null}},"19":{"start":{"line":57,"column":18},"end":{"line":57,"column":29}},"20":{"start":{"line":60,"column":4},"end":{"line":62,"column":null}},"21":{"start":{"line":61,"column":6},"end":{"line":61,"column":null}},"22":{"start":{"line":65,"column":4},"end":{"line":71,"column":null}},"23":{"start":{"line":66,"column":26},"end":{"line":66,"column":null}},"24":{"start":{"line":67,"column":6},"end":{"line":70,"column":null}},"25":{"start":{"line":68,"column":31},"end":{"line":68,"column":null}},"26":{"start":{"line":69,"column":8},"end":{"line":69,"column":null}},"27":{"start":{"line":74,"column":4},"end":{"line":76,"column":null}},"28":{"start":{"line":75,"column":6},"end":{"line":75,"column":null}},"29":{"start":{"line":75,"column":42},"end":{"line":75,"column":null}},"30":{"start":{"line":79,"column":4},"end":{"line":81,"column":null}},"31":{"start":{"line":80,"column":6},"end":{"line":80,"column":null}},"32":{"start":{"line":80,"column":42},"end":{"line":80,"column":null}},"33":{"start":{"line":84,"column":4},"end":{"line":86,"column":null}},"34":{"start":{"line":85,"column":6},"end":{"line":85,"column":null}},"35":{"start":{"line":85,"column":42},"end":{"line":85,"column":null}},"36":{"start":{"line":89,"column":4},"end":{"line":95,"column":null}},"37":{"start":{"line":90,"column":29},"end":{"line":90,"column":46}},"38":{"start":{"line":91,"column":6},"end":{"line":94,"column":null}},"39":{"start":{"line":92,"column":26},"end":{"line":92,"column":null}},"40":{"start":{"line":93,"column":8},"end":{"line":93,"column":null}},"41":{"start":{"line":97,"column":4},"end":{"line":97,"column":null}},"42":{"start":{"line":104,"column":18},"end":{"line":104,"column":null}},"43":{"start":{"line":105,"column":4},"end":{"line":107,"column":null}},"44":{"start":{"line":106,"column":6},"end":{"line":106,"column":null}},"45":{"start":{"line":110,"column":4},"end":{"line":110,"column":null}},"46":{"start":{"line":110,"column":41},"end":{"line":110,"column":null}},"47":{"start":{"line":117,"column":19},"end":{"line":117,"column":null}},"48":{"start":{"line":119,"column":4},"end":{"line":124,"column":null}},"49":{"start":{"line":120,"column":20},"end":{"line":120,"column":null}},"50":{"start":{"line":121,"column":6},"end":{"line":123,"column":null}},"51":{"start":{"line":122,"column":8},"end":{"line":122,"column":null}},"52":{"start":{"line":126,"column":4},"end":{"line":126,"column":null}},"53":{"start":{"line":133,"column":18},"end":{"line":133,"column":null}},"54":{"start":{"line":134,"column":21},"end":{"line":134,"column":null}},"55":{"start":{"line":136,"column":4},"end":{"line":142,"column":null}},"56":{"start":{"line":137,"column":6},"end":{"line":141,"column":null}},"57":{"start":{"line":138,"column":8},"end":{"line":138,"column":null}},"58":{"start":{"line":140,"column":8},"end":{"line":140,"column":null}},"59":{"start":{"line":144,"column":4},"end":{"line":144,"column":null}},"60":{"start":{"line":151,"column":18},"end":{"line":160,"column":null}},"61":{"start":{"line":163,"column":4},"end":{"line":167,"column":null}},"62":{"start":{"line":164,"column":6},"end":{"line":164,"column":null}},"63":{"start":{"line":165,"column":6},"end":{"line":165,"column":null}},"64":{"start":{"line":166,"column":6},"end":{"line":166,"column":null}},"65":{"start":{"line":170,"column":4},"end":{"line":174,"column":null}},"66":{"start":{"line":171,"column":20},"end":{"line":171,"column":null}},"67":{"start":{"line":171,"column":43},"end":{"line":171,"column":66}},"68":{"start":{"line":171,"column":81},"end":{"line":171,"column":null}},"69":{"start":{"line":172,"column":6},"end":{"line":172,"column":null}},"70":{"start":{"line":173,"column":6},"end":{"line":173,"column":null}},"71":{"start":{"line":176,"column":4},"end":{"line":176,"column":null}},"72":{"start":{"line":183,"column":4},"end":{"line":193,"column":null}},"73":{"start":{"line":184,"column":19},"end":{"line":184,"column":27}},"74":{"start":{"line":185,"column":19},"end":{"line":185,"column":27}},"75":{"start":{"line":188,"column":6},"end":{"line":188,"column":null}},"76":{"start":{"line":188,"column":52},"end":{"line":188,"column":null}},"77":{"start":{"line":190,"column":6},"end":{"line":190,"column":null}},"78":{"start":{"line":190,"column":23},"end":{"line":190,"column":null}},"79":{"start":{"line":191,"column":6},"end":{"line":191,"column":null}},"80":{"start":{"line":191,"column":23},"end":{"line":191,"column":null}},"81":{"start":{"line":192,"column":6},"end":{"line":192,"column":null}}},"fnMap":{"0":{"name":"(anonymous_1)","decl":{"start":{"line":11,"column":2},"end":{"line":11,"column":14}},"loc":{"start":{"line":11,"column":39},"end":{"line":15,"column":null}}},"1":{"name":"(anonymous_2)","decl":{"start":{"line":20,"column":2},"end":{"line":20,"column":24}},"loc":{"start":{"line":20,"column":25},"end":{"line":39,"column":null}}},"2":{"name":"(anonymous_3)","decl":{"start":{"line":24,"column":24},"end":{"line":24,"column":25}},"loc":{"start":{"line":24,"column":25},"end":{"line":38,"column":null}}},"3":{"name":"(anonymous_4)","decl":{"start":{"line":27,"column":26},"end":{"line":27,"column":27}},"loc":{"start":{"line":27,"column":27},"end":{"line":35,"column":null}}},"4":{"name":"(anonymous_5)","decl":{"start":{"line":44,"column":2},"end":{"line":44,"column":15}},"loc":{"start":{"line":44,"column":47},"end":{"line":51,"column":null}}},"5":{"name":"(anonymous_6)","decl":{"start":{"line":56,"column":2},"end":{"line":56,"column":15}},"loc":{"start":{"line":56,"column":55},"end":{"line":98,"column":null}}},"6":{"name":"(anonymous_7)","decl":{"start":{"line":67,"column":31},"end":{"line":67,"column":32}},"loc":{"start":{"line":67,"column":32},"end":{"line":70,"column":null}}},"7":{"name":"(anonymous_8)","decl":{"start":{"line":75,"column":31},"end":{"line":75,"column":32}},"loc":{"start":{"line":75,"column":42},"end":{"line":75,"column":null}}},"8":{"name":"(anonymous_9)","decl":{"start":{"line":80,"column":31},"end":{"line":80,"column":32}},"loc":{"start":{"line":80,"column":42},"end":{"line":80,"column":null}}},"9":{"name":"(anonymous_10)","decl":{"start":{"line":85,"column":31},"end":{"line":85,"column":32}},"loc":{"start":{"line":85,"column":42},"end":{"line":85,"column":null}}},"10":{"name":"(anonymous_11)","decl":{"start":{"line":91,"column":31},"end":{"line":91,"column":32}},"loc":{"start":{"line":91,"column":32},"end":{"line":94,"column":null}}},"11":{"name":"(anonymous_12)","decl":{"start":{"line":103,"column":2},"end":{"line":103,"column":19}},"loc":{"start":{"line":103,"column":63},"end":{"line":111,"column":null}}},"12":{"name":"(anonymous_13)","decl":{"start":{"line":110,"column":30},"end":{"line":110,"column":31}},"loc":{"start":{"line":110,"column":41},"end":{"line":110,"column":null}}},"13":{"name":"(anonymous_14)","decl":{"start":{"line":116,"column":2},"end":{"line":116,"column":18}},"loc":{"start":{"line":116,"column":40},"end":{"line":127,"column":null}}},"14":{"name":"(anonymous_15)","decl":{"start":{"line":119,"column":24},"end":{"line":119,"column":25}},"loc":{"start":{"line":119,"column":25},"end":{"line":124,"column":null}}},"15":{"name":"(anonymous_16)","decl":{"start":{"line":132,"column":2},"end":{"line":132,"column":23}},"loc":{"start":{"line":132,"column":66},"end":{"line":145,"column":null}}},"16":{"name":"(anonymous_17)","decl":{"start":{"line":150,"column":2},"end":{"line":150,"column":18}},"loc":{"start":{"line":150,"column":18},"end":{"line":177,"column":null}}},"17":{"name":"(anonymous_18)","decl":{"start":{"line":163,"column":24},"end":{"line":163,"column":25}},"loc":{"start":{"line":163,"column":25},"end":{"line":167,"column":null}}},"18":{"name":"(anonymous_19)","decl":{"start":{"line":171,"column":36},"end":{"line":171,"column":37}},"loc":{"start":{"line":171,"column":43},"end":{"line":171,"column":66}}},"19":{"name":"(anonymous_20)","decl":{"start":{"line":171,"column":71},"end":{"line":171,"column":72}},"loc":{"start":{"line":171,"column":81},"end":{"line":171,"column":null}}},"20":{"name":"(anonymous_21)","decl":{"start":{"line":182,"column":2},"end":{"line":182,"column":13}},"loc":{"start":{"line":182,"column":115},"end":{"line":194,"column":null}}},"21":{"name":"(anonymous_22)","decl":{"start":{"line":183,"column":28},"end":{"line":183,"column":29}},"loc":{"start":{"line":183,"column":32},"end":{"line":193,"column":null}}}},"branchMap":{"0":{"loc":{"start":{"line":29,"column":8},"end":{"line":34,"column":null}},"type":"if","locations":[{"start":{"line":29,"column":8},"end":{"line":34,"column":null}}]},"1":{"loc":{"start":{"line":30,"column":10},"end":{"line":32,"column":null}},"type":"if","locations":[{"start":{"line":30,"column":10},"end":{"line":32,"column":null}}]},"2":{"loc":{"start":{"line":45,"column":4},"end":{"line":47,"column":null}},"type":"if","locations":[{"start":{"line":45,"column":4},"end":{"line":47,"column":null}}]},"3":{"loc":{"start":{"line":45,"column":8},"end":{"line":45,"column":39}},"type":"binary-expr","locations":[{"start":{"line":45,"column":8},"end":{"line":45,"column":18}},{"start":{"line":45,"column":18},"end":{"line":45,"column":39}}]},"4":{"loc":{"start":{"line":60,"column":4},"end":{"line":62,"column":null}},"type":"if","locations":[{"start":{"line":60,"column":4},"end":{"line":62,"column":null}}]},"5":{"loc":{"start":{"line":65,"column":4},"end":{"line":71,"column":null}},"type":"if","locations":[{"start":{"line":65,"column":4},"end":{"line":71,"column":null}}]},"6":{"loc":{"start":{"line":74,"column":4},"end":{"line":76,"column":null}},"type":"if","locations":[{"start":{"line":74,"column":4},"end":{"line":76,"column":null}}]},"7":{"loc":{"start":{"line":74,"column":8},"end":{"line":74,"column":61}},"type":"binary-expr","locations":[{"start":{"line":74,"column":8},"end":{"line":74,"column":26}},{"start":{"line":74,"column":30},"end":{"line":74,"column":61}}]},"8":{"loc":{"start":{"line":79,"column":4},"end":{"line":81,"column":null}},"type":"if","locations":[{"start":{"line":79,"column":4},"end":{"line":81,"column":null}}]},"9":{"loc":{"start":{"line":79,"column":8},"end":{"line":79,"column":63}},"type":"binary-expr","locations":[{"start":{"line":79,"column":8},"end":{"line":79,"column":27}},{"start":{"line":79,"column":31},"end":{"line":79,"column":63}}]},"10":{"loc":{"start":{"line":84,"column":4},"end":{"line":86,"column":null}},"type":"if","locations":[{"start":{"line":84,"column":4},"end":{"line":86,"column":null}}]},"11":{"loc":{"start":{"line":84,"column":8},"end":{"line":84,"column":61}},"type":"binary-expr","locations":[{"start":{"line":84,"column":8},"end":{"line":84,"column":26}},{"start":{"line":84,"column":30},"end":{"line":84,"column":61}}]},"12":{"loc":{"start":{"line":89,"column":4},"end":{"line":95,"column":null}},"type":"if","locations":[{"start":{"line":89,"column":4},"end":{"line":95,"column":null}}]},"13":{"loc":{"start":{"line":93,"column":15},"end":{"line":93,"column":null}},"type":"binary-expr","locations":[{"start":{"line":93,"column":15},"end":{"line":93,"column":37}},{"start":{"line":93,"column":37},"end":{"line":93,"column":null}}]},"14":{"loc":{"start":{"line":105,"column":4},"end":{"line":107,"column":null}},"type":"if","locations":[{"start":{"line":105,"column":4},"end":{"line":107,"column":null}}]},"15":{"loc":{"start":{"line":106,"column":13},"end":{"line":106,"column":35}},"type":"binary-expr","locations":[{"start":{"line":106,"column":13},"end":{"line":106,"column":33}},{"start":{"line":106,"column":33},"end":{"line":106,"column":35}}]},"16":{"loc":{"start":{"line":121,"column":6},"end":{"line":123,"column":null}},"type":"if","locations":[{"start":{"line":121,"column":6},"end":{"line":123,"column":null}}]},"17":{"loc":{"start":{"line":121,"column":10},"end":{"line":121,"column":49}},"type":"binary-expr","locations":[{"start":{"line":121,"column":10},"end":{"line":121,"column":33}},{"start":{"line":121,"column":33},"end":{"line":121,"column":49}}]},"18":{"loc":{"start":{"line":137,"column":6},"end":{"line":141,"column":null}},"type":"if","locations":[{"start":{"line":137,"column":6},"end":{"line":141,"column":null}},{"start":{"line":139,"column":13},"end":{"line":141,"column":null}}]},"19":{"loc":{"start":{"line":137,"column":10},"end":{"line":137,"column":46}},"type":"binary-expr","locations":[{"start":{"line":137,"column":10},"end":{"line":137,"column":19}},{"start":{"line":137,"column":19},"end":{"line":137,"column":46}}]},"20":{"loc":{"start":{"line":164,"column":42},"end":{"line":164,"column":83}},"type":"binary-expr","locations":[{"start":{"line":164,"column":42},"end":{"line":164,"column":74}},{"start":{"line":164,"column":78},"end":{"line":164,"column":83}}]},"21":{"loc":{"start":{"line":165,"column":44},"end":{"line":165,"column":87}},"type":"binary-expr","locations":[{"start":{"line":165,"column":44},"end":{"line":165,"column":78}},{"start":{"line":165,"column":82},"end":{"line":165,"column":87}}]},"22":{"loc":{"start":{"line":166,"column":47},"end":{"line":166,"column":93}},"type":"binary-expr","locations":[{"start":{"line":166,"column":47},"end":{"line":166,"column":84}},{"start":{"line":166,"column":88},"end":{"line":166,"column":93}}]},"23":{"loc":{"start":{"line":170,"column":4},"end":{"line":174,"column":null}},"type":"if","locations":[{"start":{"line":170,"column":4},"end":{"line":174,"column":null}}]},"24":{"loc":{"start":{"line":182,"column":66},"end":{"line":182,"column":96}},"type":"default-arg","locations":[{"start":{"line":182,"column":90},"end":{"line":182,"column":96}}]},"25":{"loc":{"start":{"line":188,"column":6},"end":{"line":188,"column":null}},"type":"if","locations":[{"start":{"line":188,"column":6},"end":{"line":188,"column":null}}]},"26":{"loc":{"start":{"line":188,"column":10},"end":{"line":188,"column":52}},"type":"binary-expr","locations":[{"start":{"line":188,"column":10},"end":{"line":188,"column":32}},{"start":{"line":188,"column":32},"end":{"line":188,"column":52}}]},"27":{"loc":{"start":{"line":190,"column":6},"end":{"line":190,"column":null}},"type":"if","locations":[{"start":{"line":190,"column":6},"end":{"line":190,"column":null}}]},"28":{"loc":{"start":{"line":190,"column":30},"end":{"line":190,"column":null}},"type":"cond-expr","locations":[{"start":{"line":190,"column":48},"end":{"line":190,"column":53}},{"start":{"line":190,"column":53},"end":{"line":190,"column":null}}]},"29":{"loc":{"start":{"line":191,"column":6},"end":{"line":191,"column":null}},"type":"if","locations":[{"start":{"line":191,"column":6},"end":{"line":191,"column":null}}]},"30":{"loc":{"start":{"line":191,"column":30},"end":{"line":191,"column":null}},"type":"cond-expr","locations":[{"start":{"line":191,"column":48},"end":{"line":191,"column":52}},{"start":{"line":191,"column":52},"end":{"line":191,"column":null}}]}},"s":{"0":41,"1":1,"2":41,"3":41,"4":41,"5":41,"6":41,"7":123,"8":123,"9":3585,"10":3585,"11":3585,"12":359,"13":3585,"14":123,"15":10,"16":1,"17":9,"18":9,"19":8,"20":8,"21":2,"22":8,"23":3,"24":3,"25":13,"26":13,"27":8,"28":2,"29":8,"30":8,"31":2,"32":8,"33":8,"34":1,"35":5,"36":8,"37":1,"38":1,"39":5,"40":5,"41":8,"42":6,"43":6,"44":5,"45":1,"46":5,"47":5,"48":5,"49":25,"50":25,"51":20,"52":5,"53":3615,"54":3615,"55":3615,"56":4825,"57":4820,"58":5,"59":3610,"60":6,"61":6,"62":25,"63":25,"64":25,"65":6,"66":5,"67":25,"68":20,"69":5,"70":5,"71":6,"72":5,"73":26,"74":26,"75":26,"76":1,"77":25,"78":6,"79":19,"80":17,"81":2},"f":{"0":41,"1":41,"2":123,"3":3585,"4":10,"5":8,"6":13,"7":8,"8":8,"9":5,"10":5,"11":6,"12":5,"13":5,"14":25,"15":3615,"16":6,"17":25,"18":25,"19":20,"20":5,"21":26},"b":{"0":[3585],"1":[359],"2":[1],"3":[10,9],"4":[2],"5":[3],"6":[2],"7":[8,2],"8":[2],"9":[8,2],"10":[1],"11":[8,1],"12":[1],"13":[5,5],"14":[5],"15":[5,1],"16":[20],"17":[25,20],"18":[4820,5],"19":[4825,4820],"20":[25,20],"21":[25,15],"22":[25,10],"23":[5],"24":[0],"25":[1],"26":[26,26],"27":[6],"28":[6,0],"29":[17],"30":[13,4]}}
,"/Users/jason/All Projects/personal-bio-website/project/src/features/siem/lib/queryParser.ts": {"path":"/Users/jason/All Projects/personal-bio-website/project/src/features/siem/lib/queryParser.ts","statementMap":{"0":{"start":{"line":99,"column":13},"end":{"line":99,"column":26}},"1":{"start":{"line":9,"column":13},"end":{"line":9,"column":24}},"2":{"start":{"line":175,"column":16},"end":{"line":175,"column":36}},"3":{"start":{"line":14,"column":4},"end":{"line":14,"column":null}},"4":{"start":{"line":14,"column":39},"end":{"line":14,"column":null}},"5":{"start":{"line":17,"column":4},"end":{"line":17,"column":null}},"6":{"start":{"line":18,"column":4},"end":{"line":18,"column":null}},"7":{"start":{"line":20,"column":4},"end":{"line":25,"column":null}},"8":{"start":{"line":21,"column":6},"end":{"line":21,"column":null}},"9":{"start":{"line":23,"column":6},"end":{"line":23,"column":null}},"10":{"start":{"line":24,"column":6},"end":{"line":24,"column":null}},"11":{"start":{"line":30,"column":29},"end":{"line":30,"column":31}},"12":{"start":{"line":31,"column":18},"end":{"line":31,"column":null}},"13":{"start":{"line":32,"column":19},"end":{"line":32,"column":null}},"14":{"start":{"line":34,"column":4},"end":{"line":48,"column":null}},"15":{"start":{"line":34,"column":17},"end":{"line":34,"column":20}},"16":{"start":{"line":35,"column":19},"end":{"line":35,"column":27}},"17":{"start":{"line":37,"column":6},"end":{"line":47,"column":null}},"18":{"start":{"line":38,"column":8},"end":{"line":38,"column":null}},"19":{"start":{"line":39,"column":8},"end":{"line":39,"column":null}},"20":{"start":{"line":40,"column":13},"end":{"line":47,"column":null}},"21":{"start":{"line":41,"column":8},"end":{"line":44,"column":null}},"22":{"start":{"line":42,"column":10},"end":{"line":42,"column":null}},"23":{"start":{"line":43,"column":10},"end":{"line":43,"column":null}},"24":{"start":{"line":46,"column":8},"end":{"line":46,"column":null}},"25":{"start":{"line":50,"column":4},"end":{"line":50,"column":null}},"26":{"start":{"line":50,"column":17},"end":{"line":50,"column":null}},"27":{"start":{"line":51,"column":4},"end":{"line":51,"column":null}},"28":{"start":{"line":55,"column":15},"end":{"line":55,"column":null}},"29":{"start":{"line":57,"column":4},"end":{"line":72,"column":null}},"30":{"start":{"line":58,"column":20},"end":{"line":58,"column":45}},"31":{"start":{"line":60,"column":6},"end":{"line":71,"column":null}},"32":{"start":{"line":61,"column":8},"end":{"line":61,"column":null}},"33":{"start":{"line":62,"column":22},"end":{"line":62,"column":null}},"34":{"start":{"line":63,"column":8},"end":{"line":68,"column":null}},"35":{"start":{"line":70,"column":8},"end":{"line":70,"column":null}},"36":{"start":{"line":74,"column":4},"end":{"line":74,"column":null}},"37":{"start":{"line":78,"column":18},"end":{"line":78,"column":45}},"38":{"start":{"line":79,"column":21},"end":{"line":79,"column":48}},"39":{"start":{"line":80,"column":16},"end":{"line":80,"column":43}},"40":{"start":{"line":83,"column":4},"end":{"line":85,"column":null}},"41":{"start":{"line":84,"column":6},"end":{"line":84,"column":null}},"42":{"start":{"line":87,"column":4},"end":{"line":92,"column":null}},"43":{"start":{"line":10,"column":10},"end":{"line":10,"column":null}},"44":{"start":{"line":11,"column":10},"end":{"line":11,"column":null}},"45":{"start":{"line":101,"column":4},"end":{"line":103,"column":null}},"46":{"start":{"line":102,"column":6},"end":{"line":102,"column":25}},"47":{"start":{"line":102,"column":19},"end":{"line":102,"column":25}},"48":{"start":{"line":105,"column":4},"end":{"line":109,"column":null}},"49":{"start":{"line":106,"column":6},"end":{"line":106,"column":null}},"50":{"start":{"line":107,"column":11},"end":{"line":109,"column":null}},"51":{"start":{"line":108,"column":6},"end":{"line":108,"column":null}},"52":{"start":{"line":111,"column":4},"end":{"line":111,"column":null}},"53":{"start":{"line":111,"column":17},"end":{"line":111,"column":null}},"54":{"start":{"line":115,"column":4},"end":{"line":141,"column":null}},"55":{"start":{"line":116,"column":25},"end":{"line":116,"column":null}},"56":{"start":{"line":117,"column":27},"end":{"line":117,"column":37}},"57":{"start":{"line":119,"column":6},"end":{"line":140,"column":null}},"58":{"start":{"line":121,"column":10},"end":{"line":121,"column":null}},"59":{"start":{"line":123,"column":10},"end":{"line":123,"column":null}},"60":{"start":{"line":125,"column":10},"end":{"line":125,"column":null}},"61":{"start":{"line":127,"column":10},"end":{"line":127,"column":null}},"62":{"start":{"line":129,"column":10},"end":{"line":129,"column":null}},"63":{"start":{"line":131,"column":10},"end":{"line":131,"column":null}},"64":{"start":{"line":133,"column":10},"end":{"line":133,"column":null}},"65":{"start":{"line":135,"column":10},"end":{"line":135,"column":null}},"66":{"start":{"line":137,"column":10},"end":{"line":137,"column":null}},"67":{"start":{"line":139,"column":10},"end":{"line":139,"column":null}},"68":{"start":{"line":145,"column":26},"end":{"line":145,"column":null}},"69":{"start":{"line":146,"column":27},"end":{"line":146,"column":null}},"70":{"start":{"line":148,"column":4},"end":{"line":152,"column":null}},"71":{"start":{"line":149,"column":6},"end":{"line":149,"column":null}},"72":{"start":{"line":149,"column":24},"end":{"line":149,"column":null}},"73":{"start":{"line":150,"column":11},"end":{"line":152,"column":null}},"74":{"start":{"line":151,"column":6},"end":{"line":151,"column":null}},"75":{"start":{"line":151,"column":24},"end":{"line":151,"column":null}},"76":{"start":{"line":154,"column":4},"end":{"line":154,"column":null}},"77":{"start":{"line":154,"column":17},"end":{"line":154,"column":null}},"78":{"start":{"line":159,"column":18},"end":{"line":159,"column":null}},"79":{"start":{"line":160,"column":21},"end":{"line":160,"column":null}},"80":{"start":{"line":162,"column":4},"end":{"line":168,"column":null}},"81":{"start":{"line":163,"column":6},"end":{"line":167,"column":null}},"82":{"start":{"line":164,"column":8},"end":{"line":164,"column":null}},"83":{"start":{"line":166,"column":8},"end":{"line":166,"column":null}},"84":{"start":{"line":170,"column":4},"end":{"line":170,"column":null}},"85":{"start":{"line":176,"column":17},"end":{"line":176,"column":null}},"86":{"start":{"line":177,"column":19},"end":{"line":177,"column":null}},"87":{"start":{"line":179,"column":14},"end":{"line":179,"column":null}},"88":{"start":{"line":180,"column":2},"end":{"line":180,"column":null}}},"fnMap":{"0":{"name":"(anonymous_4)","decl":{"start":{"line":13,"column":2},"end":{"line":13,"column":8}},"loc":{"start":{"line":13,"column":41},"end":{"line":26,"column":null}}},"1":{"name":"(anonymous_5)","decl":{"start":{"line":28,"column":10},"end":{"line":28,"column":19}},"loc":{"start":{"line":28,"column":44},"end":{"line":52,"column":null}}},"2":{"name":"(anonymous_6)","decl":{"start":{"line":54,"column":10},"end":{"line":54,"column":39}},"loc":{"start":{"line":54,"column":39},"end":{"line":75,"column":null}}},"3":{"name":"(anonymous_7)","decl":{"start":{"line":77,"column":10},"end":{"line":77,"column":39}},"loc":{"start":{"line":77,"column":39},"end":{"line":93,"column":null}}},"4":{"name":"(anonymous_9)","decl":{"start":{"line":100,"column":2},"end":{"line":100,"column":10}},"loc":{"start":{"line":100,"column":50},"end":{"line":112,"column":null}}},"5":{"name":"(anonymous_10)","decl":{"start":{"line":102,"column":13},"end":{"line":102,"column":19}},"loc":{"start":{"line":102,"column":19},"end":{"line":102,"column":25}}},"6":{"name":"(anonymous_11)","decl":{"start":{"line":111,"column":11},"end":{"line":111,"column":17}},"loc":{"start":{"line":111,"column":17},"end":{"line":111,"column":null}}},"7":{"name":"(anonymous_12)","decl":{"start":{"line":114,"column":10},"end":{"line":114,"column":28}},"loc":{"start":{"line":114,"column":61},"end":{"line":142,"column":null}}},"8":{"name":"(anonymous_13)","decl":{"start":{"line":115,"column":11},"end":{"line":115,"column":12}},"loc":{"start":{"line":115,"column":12},"end":{"line":141,"column":null}}},"9":{"name":"(anonymous_14)","decl":{"start":{"line":144,"column":10},"end":{"line":144,"column":25}},"loc":{"start":{"line":144,"column":58},"end":{"line":155,"column":null}}},"10":{"name":"(anonymous_15)","decl":{"start":{"line":149,"column":13},"end":{"line":149,"column":14}},"loc":{"start":{"line":149,"column":24},"end":{"line":149,"column":null}}},"11":{"name":"(anonymous_16)","decl":{"start":{"line":151,"column":13},"end":{"line":151,"column":14}},"loc":{"start":{"line":151,"column":24},"end":{"line":151,"column":null}}},"12":{"name":"(anonymous_17)","decl":{"start":{"line":154,"column":11},"end":{"line":154,"column":17}},"loc":{"start":{"line":154,"column":17},"end":{"line":154,"column":null}}},"13":{"name":"(anonymous_18)","decl":{"start":{"line":157,"column":10},"end":{"line":157,"column":24}},"loc":{"start":{"line":157,"column":66},"end":{"line":171,"column":null}}},"14":{"name":"parseAndCompileQuery","decl":{"start":{"line":175,"column":16},"end":{"line":175,"column":36}},"loc":{"start":{"line":175,"column":50},"end":{"line":181,"column":null}}}},"branchMap":{"0":{"loc":{"start":{"line":14,"column":4},"end":{"line":14,"column":null}},"type":"if","locations":[{"start":{"line":14,"column":4},"end":{"line":14,"column":null}}]},"1":{"loc":{"start":{"line":14,"column":8},"end":{"line":14,"column":39}},"type":"binary-expr","locations":[{"start":{"line":14,"column":8},"end":{"line":14,"column":18}},{"start":{"line":14,"column":18},"end":{"line":14,"column":39}}]},"2":{"loc":{"start":{"line":37,"column":6},"end":{"line":47,"column":null}},"type":"if","locations":[{"start":{"line":37,"column":6},"end":{"line":47,"column":null}},{"start":{"line":40,"column":13},"end":{"line":47,"column":null}}]},"3":{"loc":{"start":{"line":40,"column":13},"end":{"line":47,"column":null}},"type":"if","locations":[{"start":{"line":40,"column":13},"end":{"line":47,"column":null}},{"start":{"line":45,"column":13},"end":{"line":47,"column":null}}]},"4":{"loc":{"start":{"line":40,"column":17},"end":{"line":40,"column":44}},"type":"binary-expr","locations":[{"start":{"line":40,"column":17},"end":{"line":40,"column":33}},{"start":{"line":40,"column":33},"end":{"line":40,"column":44}}]},"5":{"loc":{"start":{"line":41,"column":8},"end":{"line":44,"column":null}},"type":"if","locations":[{"start":{"line":41,"column":8},"end":{"line":44,"column":null}}]},"6":{"loc":{"start":{"line":50,"column":4},"end":{"line":50,"column":null}},"type":"if","locations":[{"start":{"line":50,"column":4},"end":{"line":50,"column":null}}]},"7":{"loc":{"start":{"line":60,"column":6},"end":{"line":71,"column":null}},"type":"if","locations":[{"start":{"line":60,"column":6},"end":{"line":71,"column":null}},{"start":{"line":69,"column":13},"end":{"line":71,"column":null}}]},"8":{"loc":{"start":{"line":60,"column":10},"end":{"line":60,"column":45}},"type":"binary-expr","locations":[{"start":{"line":60,"column":10},"end":{"line":60,"column":29}},{"start":{"line":60,"column":29},"end":{"line":60,"column":45}}]},"9":{"loc":{"start":{"line":83,"column":4},"end":{"line":85,"column":null}},"type":"if","locations":[{"start":{"line":83,"column":4},"end":{"line":85,"column":null}}]},"10":{"loc":{"start":{"line":83,"column":8},"end":{"line":83,"column":63}},"type":"binary-expr","locations":[{"start":{"line":83,"column":8},"end":{"line":83,"column":17}},{"start":{"line":83,"column":17},"end":{"line":83,"column":42}},{"start":{"line":83,"column":42},"end":{"line":83,"column":63}}]},"11":{"loc":{"start":{"line":101,"column":4},"end":{"line":103,"column":null}},"type":"if","locations":[{"start":{"line":101,"column":4},"end":{"line":103,"column":null}}]},"12":{"loc":{"start":{"line":105,"column":4},"end":{"line":109,"column":null}},"type":"if","locations":[{"start":{"line":105,"column":4},"end":{"line":109,"column":null}},{"start":{"line":107,"column":11},"end":{"line":109,"column":null}}]},"13":{"loc":{"start":{"line":107,"column":11},"end":{"line":109,"column":null}},"type":"if","locations":[{"start":{"line":107,"column":11},"end":{"line":109,"column":null}}]},"14":{"loc":{"start":{"line":119,"column":6},"end":{"line":140,"column":null}},"type":"switch","locations":[{"start":{"line":120,"column":8},"end":{"line":121,"column":null}},{"start":{"line":122,"column":8},"end":{"line":123,"column":null}},{"start":{"line":124,"column":8},"end":{"line":125,"column":null}},{"start":{"line":126,"column":8},"end":{"line":127,"column":null}},{"start":{"line":128,"column":8},"end":{"line":129,"column":null}},{"start":{"line":130,"column":8},"end":{"line":131,"column":null}},{"start":{"line":132,"column":8},"end":{"line":133,"column":null}},{"start":{"line":134,"column":8},"end":{"line":135,"column":null}},{"start":{"line":136,"column":8},"end":{"line":137,"column":null}},{"start":{"line":138,"column":8},"end":{"line":139,"column":null}}]},"15":{"loc":{"start":{"line":148,"column":4},"end":{"line":152,"column":null}},"type":"if","locations":[{"start":{"line":148,"column":4},"end":{"line":152,"column":null}},{"start":{"line":150,"column":11},"end":{"line":152,"column":null}}]},"16":{"loc":{"start":{"line":149,"column":24},"end":{"line":149,"column":null}},"type":"binary-expr","locations":[{"start":{"line":149,"column":24},"end":{"line":149,"column":48}},{"start":{"line":149,"column":48},"end":{"line":149,"column":null}}]},"17":{"loc":{"start":{"line":150,"column":11},"end":{"line":152,"column":null}},"type":"if","locations":[{"start":{"line":150,"column":11},"end":{"line":152,"column":null}}]},"18":{"loc":{"start":{"line":151,"column":24},"end":{"line":151,"column":null}},"type":"binary-expr","locations":[{"start":{"line":151,"column":24},"end":{"line":151,"column":48}},{"start":{"line":151,"column":48},"end":{"line":151,"column":null}}]},"19":{"loc":{"start":{"line":163,"column":6},"end":{"line":167,"column":null}},"type":"if","locations":[{"start":{"line":163,"column":6},"end":{"line":167,"column":null}},{"start":{"line":165,"column":13},"end":{"line":167,"column":null}}]},"20":{"loc":{"start":{"line":163,"column":10},"end":{"line":163,"column":46}},"type":"binary-expr","locations":[{"start":{"line":163,"column":10},"end":{"line":163,"column":19}},{"start":{"line":163,"column":19},"end":{"line":163,"column":46}}]}},"s":{"0":14,"1":28,"2":75,"3":103,"4":3,"5":100,"6":100,"7":100,"8":100,"9":0,"10":0,"11":100,"12":100,"13":100,"14":100,"15":100,"16":4926,"17":4926,"18":326,"19":326,"20":4600,"21":469,"22":469,"23":469,"24":4131,"25":100,"26":100,"27":100,"28":100,"29":100,"30":68,"31":68,"32":66,"33":66,"34":66,"35":2,"36":100,"37":166,"38":166,"39":166,"40":166,"41":163,"42":166,"43":103,"44":103,"45":213,"46":2,"47":4,"48":211,"49":149,"50":62,"51":62,"52":0,"53":0,"54":149,"55":42899,"56":42899,"57":42899,"58":42865,"59":1,"60":0,"61":0,"62":0,"63":0,"64":24,"65":1,"66":0,"67":8,"68":62,"69":62,"70":62,"71":57,"72":31295,"73":5,"74":5,"75":13,"76":0,"77":0,"78":42899,"79":42899,"80":42899,"81":53076,"82":53075,"83":1,"84":42898,"85":75,"86":75,"87":75,"88":75},"f":{"0":103,"1":100,"2":100,"3":166,"4":213,"5":4,"6":0,"7":149,"8":42899,"9":62,"10":31295,"11":13,"12":0,"13":42899,"14":75},"b":{"0":[3],"1":[103,101],"2":[326,4600],"3":[469,4131],"4":[4600,471],"5":[469],"6":[100],"7":[66,2],"8":[68,9],"9":[163],"10":[166,166,163],"11":[2],"12":[149,62],"13":[62],"14":[42865,1,0,0,0,0,24,1,0,8],"15":[57,5],"16":[31295,10496],"17":[5],"18":[13,10],"19":[53075,1],"20":[53076,53075]}}
}
