TN:
SF:src/features/siem/lib/detectionEngine.ts
FN:11,(anonymous_1)
FN:13,(anonymous_2)
FN:19,(anonymous_3)
FN:22,(anonymous_4)
FN:30,(anonymous_5)
FN:39,(anonymous_6)
FN:76,(anonymous_7)
FN:89,(anonymous_8)
FN:104,(anonymous_9)
FN:113,(anonymous_10)
FN:124,(anonymous_11)
FN:135,(anonymous_12)
FN:146,(anonymous_13)
FN:173,(anonymous_14)
FN:174,(anonymous_15)
FN:187,(anonymous_16)
FN:188,(anonymous_17)
FN:198,(anonymous_18)
FN:216,(anonymous_19)
FN:229,(anonymous_20)
FN:233,(anonymous_21)
FN:234,(anonymous_22)
FN:235,(anonymous_23)
FN:236,(anonymous_24)
FN:238,(anonymous_25)
FN:243,(anonymous_26)
FN:246,(anonymous_27)
FN:247,(anonymous_28)
FNF:28
FNH:28
FNDA:43,(anonymous_1)
FNDA:150,(anonymous_2)
FNDA:18,(anonymous_3)
FNDA:46,(anonymous_4)
FNDA:48,(anonymous_5)
FNDA:56,(anonymous_6)
FNDA:21,(anonymous_7)
FNDA:1066,(anonymous_8)
FNDA:15,(anonymous_9)
FNDA:1070,(anonymous_10)
FNDA:15,(anonymous_11)
FNDA:3,(anonymous_12)
FNDA:18,(anonymous_13)
FNDA:30551,(anonymous_14)
FNDA:15457643,(anonymous_15)
FNDA:1070,(anonymous_16)
FNDA:1075,(anonymous_17)
FNDA:1075,(anonymous_18)
FNDA:3,(anonymous_19)
FNDA:5,(anonymous_20)
FNDA:12,(anonymous_21)
FNDA:12,(anonymous_22)
FNDA:12,(anonymous_23)
FNDA:12,(anonymous_24)
FNDA:12,(anonymous_25)
FNDA:5,(anonymous_26)
FNDA:12,(anonymous_27)
FNDA:12,(anonymous_28)
DA:2,1
DA:7,43
DA:12,43
DA:13,150
DA:20,18
DA:22,18
DA:23,46
DA:24,46
DA:25,36
DA:30,18
DA:31,48
DA:32,48
DA:40,56
DA:41,56
DA:43,56
DA:45,21
DA:48,35
DA:49,35
DA:52,56
DA:53,12
DA:56,44
DA:67,0
DA:68,0
DA:77,21
DA:79,21
DA:82,21
DA:83,21
DA:85,21
DA:88,18
DA:89,1066
DA:93,18
DA:94,15
DA:97,3
DA:110,15
DA:113,15
DA:114,1070
DA:115,1070
DA:116,15
DA:118,1070
DA:121,15
DA:124,15
DA:125,15
DA:126,15
DA:129,15
DA:140,3
DA:151,18
DA:152,18
DA:154,18
DA:155,1084
DA:156,1084
DA:158,1084
DA:160,1084
DA:161,31722
DA:163,31722
DA:164,30747
DA:166,975
DA:171,1084
DA:173,1011
DA:174,15457643
DA:175,1078
DA:181,18
DA:188,1070
DA:189,1075
DA:190,1075
DA:192,1070
DA:199,1075
DA:200,1075
DA:202,1075
DA:203,2150
DA:204,2150
DA:206,0
DA:210,1075
DA:217,3
DA:218,3
DA:219,3
DA:221,0
DA:222,0
DA:230,5
DA:233,12
DA:234,12
DA:235,12
DA:236,12
DA:238,12
DA:244,5
DA:246,5
DA:247,12
DA:248,12
DA:252,5
LF:88
LH:83
BRDA:24,0,0,36
BRDA:24,1,0,46
BRDA:24,1,1,36
BRDA:43,2,0,21
BRDA:43,2,1,35
BRDA:52,3,0,12
BRDA:63,4,0,44
BRDA:63,4,1,31
BRDA:77,5,0,0
BRDA:85,6,0,3
BRDA:93,7,0,15
BRDA:93,7,1,3
BRDA:93,8,0,18
BRDA:93,8,1,15
BRDA:115,9,0,15
BRDA:163,10,0,30747
BRDA:163,10,1,975
BRDA:171,11,0,1011
BRDA:174,12,0,1078
BRDA:190,13,0,1075
BRDA:190,13,1,0
BRDA:203,14,0,2150
BRDA:203,14,1,0
BRDA:203,15,0,2150
BRDA:203,15,1,2150
BRDA:248,16,0,12
BRDA:248,16,1,8
BRF:27
BRH:24
end_of_record
TN:
SF:src/features/siem/lib/queryEngine.ts
FN:11,(anonymous_1)
FN:20,(anonymous_2)
FN:24,(anonymous_3)
FN:27,(anonymous_4)
FN:44,(anonymous_5)
FN:56,(anonymous_6)
FN:67,(anonymous_7)
FN:75,(anonymous_8)
FN:80,(anonymous_9)
FN:85,(anonymous_10)
FN:91,(anonymous_11)
FN:103,(anonymous_12)
FN:110,(anonymous_13)
FN:116,(anonymous_14)
FN:119,(anonymous_15)
FN:132,(anonymous_16)
FN:150,(anonymous_17)
FN:163,(anonymous_18)
FN:171,(anonymous_19)
FN:171,(anonymous_20)
FN:182,(anonymous_21)
FN:183,(anonymous_22)
FNF:22
FNH:22
FNDA:41,(anonymous_1)
FNDA:41,(anonymous_2)
FNDA:123,(anonymous_3)
FNDA:3585,(anonymous_4)
FNDA:10,(anonymous_5)
FNDA:8,(anonymous_6)
FNDA:13,(anonymous_7)
FNDA:8,(anonymous_8)
FNDA:8,(anonymous_9)
FNDA:5,(anonymous_10)
FNDA:5,(anonymous_11)
FNDA:6,(anonymous_12)
FNDA:5,(anonymous_13)
FNDA:5,(anonymous_14)
FNDA:25,(anonymous_15)
FNDA:3615,(anonymous_16)
FNDA:6,(anonymous_17)
FNDA:25,(anonymous_18)
FNDA:25,(anonymous_19)
FNDA:20,(anonymous_20)
FNDA:5,(anonymous_21)
FNDA:26,(anonymous_22)
DA:2,1
DA:7,41
DA:12,41
DA:13,41
DA:14,41
DA:22,41
DA:24,41
DA:25,123
DA:27,123
DA:28,3585
DA:29,3585
DA:30,3585
DA:31,359
DA:33,3585
DA:37,123
DA:45,10
DA:46,1
DA:49,9
DA:50,9
DA:57,8
DA:60,8
DA:61,2
DA:65,8
DA:66,3
DA:67,3
DA:68,13
DA:69,13
DA:74,8
DA:75,8
DA:79,8
DA:80,8
DA:84,8
DA:85,5
DA:89,8
DA:90,1
DA:91,1
DA:92,5
DA:93,5
DA:97,8
DA:104,6
DA:105,6
DA:106,5
DA:110,5
DA:117,5
DA:119,5
DA:120,25
DA:121,25
DA:122,20
DA:126,5
DA:133,3615
DA:134,3615
DA:136,3615
DA:137,4825
DA:138,4820
DA:140,5
DA:144,3610
DA:151,6
DA:163,6
DA:164,25
DA:165,25
DA:166,25
DA:170,6
DA:171,25
DA:172,5
DA:173,5
DA:176,6
DA:183,5
DA:184,26
DA:185,26
DA:188,26
DA:190,25
DA:191,19
DA:192,2
LF:73
LH:73
BRDA:29,0,0,3585
BRDA:30,1,0,359
BRDA:45,2,0,1
BRDA:45,3,0,10
BRDA:45,3,1,9
BRDA:60,4,0,2
BRDA:65,5,0,3
BRDA:74,6,0,2
BRDA:74,7,0,8
BRDA:74,7,1,2
BRDA:79,8,0,2
BRDA:79,9,0,8
BRDA:79,9,1,2
BRDA:84,10,0,1
BRDA:84,11,0,8
BRDA:84,11,1,1
BRDA:89,12,0,1
BRDA:93,13,0,5
BRDA:93,13,1,5
BRDA:105,14,0,5
BRDA:106,15,0,5
BRDA:106,15,1,1
BRDA:121,16,0,20
BRDA:121,17,0,25
BRDA:121,17,1,20
BRDA:137,18,0,4820
BRDA:137,18,1,5
BRDA:137,19,0,4825
BRDA:137,19,1,4820
BRDA:164,20,0,25
BRDA:164,20,1,20
BRDA:165,21,0,25
BRDA:165,21,1,15
BRDA:166,22,0,25
BRDA:166,22,1,10
BRDA:170,23,0,5
BRDA:182,24,0,0
BRDA:188,25,0,1
BRDA:188,26,0,26
BRDA:188,26,1,26
BRDA:190,27,0,6
BRDA:190,28,0,6
BRDA:190,28,1,0
BRDA:191,29,0,17
BRDA:191,30,0,13
BRDA:191,30,1,4
BRF:46
BRH:44
end_of_record
TN:
SF:src/features/siem/lib/queryParser.ts
FN:13,(anonymous_4)
FN:28,(anonymous_5)
FN:54,(anonymous_6)
FN:77,(anonymous_7)
FN:100,(anonymous_9)
FN:102,(anonymous_10)
FN:111,(anonymous_11)
FN:114,(anonymous_12)
FN:115,(anonymous_13)
FN:144,(anonymous_14)
FN:149,(anonymous_15)
FN:151,(anonymous_16)
FN:154,(anonymous_17)
FN:157,(anonymous_18)
FN:175,parseAndCompileQuery
FNF:15
FNH:13
FNDA:103,(anonymous_4)
FNDA:100,(anonymous_5)
FNDA:100,(anonymous_6)
FNDA:166,(anonymous_7)
FNDA:213,(anonymous_9)
FNDA:4,(anonymous_10)
FNDA:0,(anonymous_11)
FNDA:149,(anonymous_12)
FNDA:42899,(anonymous_13)
FNDA:62,(anonymous_14)
FNDA:31295,(anonymous_15)
FNDA:13,(anonymous_16)
FNDA:0,(anonymous_17)
FNDA:42899,(anonymous_18)
FNDA:75,parseAndCompileQuery
DA:9,28
DA:10,103
DA:11,103
DA:14,103
DA:17,100
DA:18,100
DA:20,100
DA:21,100
DA:23,0
DA:24,0
DA:30,100
DA:31,100
DA:32,100
DA:34,100
DA:35,4926
DA:37,4926
DA:38,326
DA:39,326
DA:40,4600
DA:41,469
DA:42,469
DA:43,469
DA:46,4131
DA:50,100
DA:51,100
DA:55,100
DA:57,100
DA:58,68
DA:60,68
DA:61,66
DA:62,66
DA:63,66
DA:70,2
DA:74,100
DA:78,166
DA:79,166
DA:80,166
DA:83,166
DA:84,163
DA:87,166
DA:99,14
DA:101,213
DA:102,4
DA:105,211
DA:106,149
DA:107,62
DA:108,62
DA:111,0
DA:115,149
DA:116,42899
DA:117,42899
DA:119,42899
DA:121,42865
DA:123,1
DA:125,0
DA:127,0
DA:129,0
DA:131,0
DA:133,24
DA:135,1
DA:137,0
DA:139,8
DA:145,62
DA:146,62
DA:148,62
DA:149,31295
DA:150,5
DA:151,13
DA:154,0
DA:159,42899
DA:160,42899
DA:162,42899
DA:163,53076
DA:164,53075
DA:166,1
DA:170,42898
DA:175,75
DA:176,75
DA:177,75
DA:179,75
DA:180,75
LF:81
LH:72
BRDA:14,0,0,3
BRDA:14,1,0,103
BRDA:14,1,1,101
BRDA:37,2,0,326
BRDA:37,2,1,4600
BRDA:40,3,0,469
BRDA:40,3,1,4131
BRDA:40,4,0,4600
BRDA:40,4,1,471
BRDA:41,5,0,469
BRDA:50,6,0,100
BRDA:60,7,0,66
BRDA:60,7,1,2
BRDA:60,8,0,68
BRDA:60,8,1,9
BRDA:83,9,0,163
BRDA:83,10,0,166
BRDA:83,10,1,166
BRDA:83,10,2,163
BRDA:101,11,0,2
BRDA:105,12,0,149
BRDA:105,12,1,62
BRDA:107,13,0,62
BRDA:119,14,0,42865
BRDA:119,14,1,1
BRDA:119,14,2,0
BRDA:119,14,3,0
BRDA:119,14,4,0
BRDA:119,14,5,0
BRDA:119,14,6,24
BRDA:119,14,7,1
BRDA:119,14,8,0
BRDA:119,14,9,8
BRDA:148,15,0,57
BRDA:148,15,1,5
BRDA:149,16,0,31295
BRDA:149,16,1,10496
BRDA:150,17,0,5
BRDA:151,18,0,13
BRDA:151,18,1,10
BRDA:163,19,0,53075
BRDA:163,19,1,1
BRDA:163,20,0,53076
BRDA:163,20,1,53075
BRF:44
BRH:39
end_of_record
